
Nº[0]  [2019-03-19 11:34:06.111536]	SUCCESS->[ comprobar_version_php_funcionando = php7.0 ]
Nº[0]  [2019-03-19 11:34:45.628338]	SUCCESS->[ comprobar_version_php_funcionando = php7.0 ]
Nº[0]  [2019-03-19 11:35:13.666693]	SUCCESS->[ comprobar_version_php_funcionando = php7.0 ]
Nº[0]  [2019-03-19 11:35:37.256301]	SUCCESS->[ comprobar_version_php_funcionando = php7.0 ]
Nº[0]  [2019-03-19 11:36:00.474072]	SUCCESS->[ comprobar_version_php_funcionando = php7.0 ]
Nº[0]  [2019-03-19 11:36:13.959989]	SUCCESS->[ comprobar_version_php_funcionando = php7.0 ]
Nº[0]  [2019-03-19 11:43:57.700689]	SUCCESS->[ comprobar_version_php_funcionando = php7.0 ]
Nº[0]  [2019-03-19 11:45:12.637474]	SUCCESS->[ comprobar_version_php_funcionando = php7.0 ]
Nº[1]  [2019-03-19 11:45:14.337482]	FUNCTION->[ set_version_php(8) ]
Nº[0]  [2019-03-19 11:46:01.687562]	SUCCESS->[ comprobar_version_php_funcionando = php7.0 ]
Nº[1]  [2019-03-19 11:46:03.734976]	FUNCTION->[ set_version_php(8) ]
Nº[0]  [2019-03-19 11:47:03.451847]	SUCCESS->[ comprobar_version_php_funcionando = php7.0 ]
Nº[1]  [2019-03-19 11:47:05.392963]	FUNCTION->[ set_version_php(8) ]
Nº[0]  [2019-03-19 11:50:12.192542]	SUCCESS->[ comprobar_version_php_funcionando = php7.0 ]
Nº[1]  [2019-03-19 11:50:13.593145]	FUNCTION->[ set_version_php(8) ]
Nº[0]  [2019-03-19 11:50:18.807266]	SUCCESS->[ comprobar_version_php_funcionando = php7.0 ]
Nº[0]  [2019-03-19 11:51:19.009388]	SUCCESS->[ comprobar_version_php_funcionando = php7.0 ]
Nº[0]  [2019-03-19 11:51:50.454199]	SUCCESS->[ comprobar_version_php_funcionando = php7.0 ]
Nº[0]  [2019-03-19 11:53:13.211692]	SUCCESS->[ comprobar_version_php_funcionando = php7.0 ]
Nº[0]  [2019-03-19 11:53:33.847171]	SUCCESS->[ comprobar_version_php_funcionando = php7.0 ]
Nº[0]  [2019-03-19 11:53:57.436760]	SUCCESS->[ comprobar_version_php_funcionando = php7.0 ]
Nº[0]  [2019-03-19 11:54:15.025250]	SUCCESS->[ comprobar_version_php_funcionando = php7.0 ]
Nº[0]  [2019-03-19 11:54:47.250228]	SUCCESS->[ comprobar_version_php_funcionando = php7.0 ]
Nº[0]  [2019-03-19 11:56:11.564166]	SUCCESS->[ comprobar_version_php_funcionando = php7.0 ]
Nº[0]  [2019-03-19 11:58:32.657247]	SUCCESS->[ comprobar_version_php_funcionando = php7.0 ]
Nº[0]  [2019-03-19 11:58:47.570613]	SUCCESS->[ comprobar_version_php_funcionando = php7.0 ]
Nº[0]  [2019-03-19 12:08:59.479527]	SUCCESS->[ comprobar_version_php_funcionando = php7.0 ]
Nº[1]  [2019-03-19 12:09:03.675171]	SUCCESS->[ comprobar_version_php_funcionando = php7.0 ]
Nº[2]  [2019-03-19 12:09:06.947897]	FUNCTION->[ set_version_php(9) ]
Nº[3]  [2019-03-19 12:09:08.019747]	  ACCTION->[ Desactivando modulo PHP 7.0 ]
Nº[4]  [2019-03-19 12:09:09.089380]	  ACCTION->[ Activando modulo PHP 7.2 ]
Nº[5]  [2019-03-19 12:09:09.340703]	FUNCTION->[ reiniciar_apache() ]
Nº[6]  [2019-03-19 12:09:10.355855]	  ACCTION->[ Update-alternatives 7.2 ]
Nº[7]  [2019-03-19 12:09:11.590663]	FUNCTION->[ reiniciar_apache() ]
Nº[8]  [2019-03-19 12:09:11.643408]	SUCCESS->[ comprobar_version_php_funcionando = php7.2 ]
Nº[9]  [2019-03-19 12:09:47.842746]	SUCCESS->[ comprobar_version_php_funcionando = php7.2 ]
Nº[0]  [2019-03-19 12:12:48.584623]	SUCCESS->[ comprobar_version_php_funcionando = php7.2 ]
Nº[1]  [2019-03-19 12:14:13.044556]	FUNCTION->[ reiniciar_apache() ]
Nº[2]  [2019-03-19 12:14:13.096566]	SUCCESS->[ comprobar_version_php_funcionando = php7.2 ]
Nº[3]  [2019-03-19 12:14:16.587095]	FUNCTION->[ reiniciar_apache() ]
Nº[4]  [2019-03-19 12:14:16.642011]	SUCCESS->[ comprobar_version_php_funcionando = php7.2 ]
Nº[5]  [2019-03-19 12:14:20.590865]	FUNCTION->[ set_version_php(8) ]
Nº[6]  [2019-03-19 12:14:21.662822]	  ACCTION->[ Desactivando modulo PHP 7.2 ]
Nº[7]  [2019-03-19 12:14:22.731568]	  ACCTION->[ Activando modulo PHP 5.6 ]
Nº[8]  [2019-03-19 12:14:22.975416]	FUNCTION->[ reiniciar_apache() ]
Nº[9]  [2019-03-19 12:14:23.990685]	  ACCTION->[ Update-alternatives 5.6 ]
Nº[10]  [2019-03-19 12:14:25.232087]	FUNCTION->[ reiniciar_apache() ]
Nº[11]  [2019-03-19 12:14:25.290572]	SUCCESS->[ comprobar_version_php_funcionando = php5.6 ]
Nº[12]  [2019-03-19 12:14:32.183277]	FUNCTION->[ set_version_php(9) ]
Nº[13]  [2019-03-19 12:14:33.255719]	  ACCTION->[ Desactivando modulo PHP 5.6 ]
Nº[14]  [2019-03-19 12:14:34.326587]	  ACCTION->[ Activando modulo PHP 7.2 ]
Nº[15]  [2019-03-19 12:14:34.578815]	FUNCTION->[ reiniciar_apache() ]
Nº[16]  [2019-03-19 12:14:35.594132]	  ACCTION->[ Update-alternatives 7.2 ]
Nº[17]  [2019-03-19 12:14:36.860373]	FUNCTION->[ reiniciar_apache() ]
Nº[18]  [2019-03-19 12:14:36.913175]	SUCCESS->[ comprobar_version_php_funcionando = php7.2 ]
Nº[19]  [2019-03-19 12:15:16.260069]	FUNCTION->[ set_version_php(9) ]
Nº[20]  [2019-03-19 12:15:17.333524]	  ACCTION->[ Desactivando modulo PHP 7.2 ]
Nº[21]  [2019-03-19 12:15:18.404979]	  ACCTION->[ Activando modulo PHP 7.0 ]
Nº[22]  [2019-03-19 12:15:18.629141]	FUNCTION->[ reiniciar_apache() ]
Nº[23]  [2019-03-19 12:15:19.644516]	  ACCTION->[ Update-alternatives 7.0 ]
Nº[24]  [2019-03-19 12:15:20.870815]	FUNCTION->[ reiniciar_apache() ]
Nº[25]  [2019-03-19 12:15:20.922857]	SUCCESS->[ comprobar_version_php_funcionando = php7.0 ]
Nº[0]  [2019-03-19 13:17:05.461045]	SUCCESS->[ comprobar_version_php_funcionando = php7.0 ]
Nº[0]  [2019-03-19 13:19:20.123329]	SUCCESS->[ comprobar_version_php_funcionando = php7.0 ]
Nº[0]  [2019-03-19 13:20:38.523563]	SUCCESS->[ comprobar_version_php_funcionando = php7.0 ]
Nº[0]  [2019-03-19 13:20:58.544561]	SUCCESS->[ comprobar_version_php_funcionando = php7.0 ]
Nº[0]  [2019-03-19 13:22:21.321761]	SUCCESS->[ comprobar_version_php_funcionando = php7.0 ]
Nº[0]  [2019-03-19 13:22:46.472089]	SUCCESS->[ comprobar_version_php_funcionando = php7.0 ]
Nº[0]  [2019-03-19 13:25:29.568201]	SUCCESS->[ comprobar_version_php_funcionando = php7.0 ]
Nº[0]  [2019-03-19 13:27:00.955466]	SUCCESS->[ comprobar_version_php_funcionando = php7.0 ]
Nº[0]  [2019-03-19 13:28:48.624724]	SUCCESS->[ comprobar_version_php_funcionando = php7.0 ]
Nº[0]  [2019-03-19 13:28:56.313320]	SUCCESS->[ comprobar_version_php_funcionando = php7.0 ]
Nº[0]  [2019-03-19 13:29:40.200786]	SUCCESS->[ comprobar_version_php_funcionando = php7.0 ]
Nº[0]  [2019-03-19 13:30:01.825934]	SUCCESS->[ comprobar_version_php_funcionando = php7.0 ]
Nº[0]  [2019-03-19 13:31:13.946718]	SUCCESS->[ comprobar_version_php_funcionando = php7.0 ]
Nº[0]  [2019-03-19 13:31:28.122919]	SUCCESS->[ comprobar_version_php_funcionando = php7.0 ]
Nº[0]  [2019-03-19 13:33:10.319858]	SUCCESS->[ comprobar_version_php_funcionando = php7.0 ]
Nº[0]  [2019-03-19 13:33:14.412553]	SUCCESS->[ comprobar_version_php_funcionando = php7.0 ]
Nº[0]  [2019-03-19 13:41:36.343523]	SUCCESS->[ comprobar_version_php_funcionando = php7.0 ]
Nº[0]  [2019-03-19 13:41:43.110954]	SUCCESS->[ comprobar_version_php_funcionando = php7.0 ]
Nº[0]  [2019-03-19 13:42:51.034092]	SUCCESS->[ comprobar_version_php_funcionando = php7.0 ]
Nº[0]  [2019-03-19 13:44:08.308573]	SUCCESS->[ comprobar_version_php_funcionando = php7.0 ]
Nº[0]  [2019-03-19 13:44:23.017390]	SUCCESS->[ comprobar_version_php_funcionando = php7.0 ]
Nº[1]  [2019-03-19 13:44:32.994401]	SUCCESS->[ comprobar_version_php_funcionando = php7.0 ]
Nº[0]  [2019-03-19 13:45:03.577436]	SUCCESS->[ comprobar_version_php_funcionando = php7.0 ]
Nº[1]  [2019-03-19 13:45:08.051117]	SUCCESS->[ comprobar_version_php_funcionando = php7.0 ]
Nº[0]  [2019-03-19 13:45:29.720517]	SUCCESS->[ comprobar_version_php_funcionando = php7.0 ]
Nº[1]  [2019-03-19 13:45:37.362726]	FUNCTION->[ reiniciar_apache() ]
Nº[2]  [2019-03-19 13:45:37.413150]	SUCCESS->[ comprobar_version_php_funcionando = php7.0 ]
Nº[0]  [2019-03-19 13:46:48.415417]	SUCCESS->[ comprobar_version_php_funcionando = php7.0 ]
Nº[0]  [2019-03-19 13:47:38.146070]	SUCCESS->[ comprobar_version_php_funcionando = php7.0 ]
Nº[1]  [2019-03-19 13:47:42.655505]	SUCCESS->[ comprobar_version_php_funcionando = php7.0 ]
Nº[2]  [2019-03-19 13:47:56.397934]	FUNCTION->[ reiniciar_apache() ]
Nº[3]  [2019-03-19 13:47:56.447666]	SUCCESS->[ comprobar_version_php_funcionando = php7.0 ]
Nº[0]  [2019-03-19 14:42:00.827782]	SUCCESS->[ comprobar_version_php_funcionando = php7.0 ]
Nº[0]  [2019-03-19 14:47:24.064990]	SUCCESS->[ comprobar_version_php_funcionando = php7.0 ]
Nº[1]  [2019-03-19 14:47:31.424362]	SUCCESS->[ comprobar_version_php_funcionando = php7.0 ]
Nº[0]  [2019-03-19 14:56:51.765253]	SUCCESS->[ comprobar_version_php_funcionando = php7.0 ]
Nº[0]  [2019-03-19 14:57:24.725601]	SUCCESS->[ comprobar_version_php_funcionando = php7.0 ]
Nº[1]  [2019-03-19 14:57:26.796824]	SUCCESS->[ comprobar_version_php_funcionando = php7.0 ]
Nº[0]  [2019-03-19 15:05:23.853826]	SUCCESS->[ comprobar_version_php_funcionando = php7.0 ]
Nº[1]  [2019-03-19 15:05:37.019703]	SUCCESS->[ comprobar_version_php_funcionando = php7.0 ]
Nº[0]  [2019-03-19 15:06:17.425851]	SUCCESS->[ comprobar_version_php_funcionando = php7.0 ]
Nº[0]  [2019-03-19 15:06:19.857551]	SUCCESS->[ comprobar_version_php_funcionando = php7.0 ]
Nº[0]  [2019-03-19 15:06:56.293434]	SUCCESS->[ comprobar_version_php_funcionando = php7.0 ]
Nº[0]  [2019-03-19 15:08:21.353953]	SUCCESS->[ comprobar_version_php_funcionando = php7.0 ]
Nº[1]  [2019-03-19 15:08:27.741790]	SUCCESS->[ comprobar_version_php_funcionando = php7.0 ]
Nº[0]  [2019-03-19 15:08:50.452828]	SUCCESS->[ comprobar_version_php_funcionando = php7.0 ]
Nº[1]  [2019-03-19 15:08:55.502290]	SUCCESS->[ comprobar_version_php_funcionando = php7.0 ]
Nº[0]  [2019-03-19 15:09:37.959425]	SUCCESS->[ comprobar_version_php_funcionando = php7.0 ]
Nº[1]  [2019-03-19 15:09:59.031656]	SUCCESS->[ comprobar_version_php_funcionando = php7.0 ]
Nº[2]  [2019-03-19 15:10:22.948204]	SUCCESS->[ comprobar_version_php_funcionando = php7.0 ]
Nº[3]  [2019-03-19 15:10:30.092136]	SUCCESS->[ comprobar_version_php_funcionando = php7.0 ]
Nº[4]  [2019-03-19 15:10:31.811019]	SUCCESS->[ comprobar_version_php_funcionando = php7.0 ]
Nº[0]  [2019-03-19 15:18:42.520610]	SUCCESS->[ comprobar_version_php_funcionando = php7.0 ]
Nº[0]  [2019-03-19 18:52:17.390063]	SUCCESS->[ comprobar_version_php_funcionando = php7.0 ]
Nº[1]  [2019-03-19 18:52:36.216368]	FUNCTION->[ set_version_php(9) ]
Nº[2]  [2019-03-19 18:52:47.017319]	  ACCTION->[ Desactivando modulo PHP 7.0 ]
Nº[3]  [2019-03-19 18:52:48.088906]	  ACCTION->[ Activando modulo PHP 7.2 ]
Nº[4]  [2019-03-19 18:52:48.339795]	FUNCTION->[ reiniciar_apache() ]
Nº[5]  [2019-03-19 18:52:49.361039]	  ACCTION->[ Update-alternatives 7.2 ]
Nº[6]  [2019-03-19 18:52:50.875750]	FUNCTION->[ reiniciar_apache() ]
Nº[7]  [2019-03-19 18:52:50.928204]	SUCCESS->[ comprobar_version_php_funcionando = php7.2 ]
Nº[8]  [2019-03-19 18:52:56.761389]	FUNCTION->[ set_version_php(9) ]
Nº[9]  [2019-03-19 18:52:57.831906]	  ACCTION->[ Desactivando modulo PHP 7.2 ]
Nº[10]  [2019-03-19 18:52:58.903388]	  ACCTION->[ Activando modulo PHP 7.0 ]
Nº[11]  [2019-03-19 18:52:59.130439]	FUNCTION->[ reiniciar_apache() ]
Nº[12]  [2019-03-19 18:53:00.149028]	  ACCTION->[ Update-alternatives 7.0 ]
Nº[13]  [2019-03-19 18:53:01.388312]	FUNCTION->[ reiniciar_apache() ]
Nº[14]  [2019-03-19 18:53:01.438628]	SUCCESS->[ comprobar_version_php_funcionando = php7.0 ]
Nº[15]  [2019-03-19 18:53:40.318162]	SUCCESS->[ comprobar_version_php_funcionando = php7.0 ]
Nº[16]  [2019-03-19 18:54:38.830440]	FUNCTION->[ cambiar_estado_modulo_php( usertrack.load ) ]
Nº[17]  [2019-03-19 18:54:38.899307]	   ACCTION->[ Cambiado a DISABLE el modulo (usertrack) ]
Nº[18]  [2019-03-19 18:54:41.061403]	FUNCTION->[ reiniciar_apache() ]
Nº[19]  [2019-03-19 18:54:43.440836]	SUCCESS->[ comprobar_version_php_funcionando = php7.0 ]
Nº[0]  [2019-03-19 19:02:04.877177]	SUCCESS->[ comprobar_version_php_funcionando = php7.0 ]
Nº[0]  [2019-03-19 19:02:35.913835]	SUCCESS->[ comprobar_version_php_funcionando = php7.0 ]
Nº[0]  [2019-03-19 19:11:56.577750]	SUCCESS->[ comprobar_version_php_funcionando = php7.0 ]
Nº[0]  [2019-03-19 19:12:56.895030]	SUCCESS->[ comprobar_version_php_funcionando = php7.0 ]
Nº[0]  [2019-03-19 19:45:26.107521]	SUCCESS->[ comprobar_version_php_funcionando = php7.0 ]